{
  "RSpec": {
    "coverage": {
      "/home/bialaporcelana/Pulpit/szkola/ruby/projekt-ruby/lib/BoardClass.rb": [
        1,
        1,
        1,
        1,
        1,
        null,
        null,
        null,
        null,
        null,
        null,
        null,
        null,
        null,
        null,
        null,
        null,
        null,
        null,
        null,
        null,
        null,
        null,
        null,
        1,
        1,
        1,
        7,
        1,
        null,
        6,
        5,
        5,
        5,
        5,
        5,
        25,
        25,
        125,
        null,
        2,
        2,
        null,
        2,
        2,
        null,
        3,
        3,
        null,
        4,
        4,
        null,
        null,
        null,
        5,
        5,
        null,
        null,
        null,
        null,
        null,
        null,
        null,
        null,
        null,
        null,
        null,
        null,
        null,
        null,
        null,
        null,
        null,
        null,
        null,
        null,
        null,
        null,
        null,
        null,
        null,
        null,
        null,
        null,
        null,
        null,
        1,
        1156,
        1156,
        1156,
        1156,
        1156,
        1156,
        1156,
        1,
        null,
        1,
        null,
        1154,
        1154,
        87,
        null,
        null,
        null,
        1,
        81,
        2,
        null,
        79,
        1,
        null,
        78,
        78,
        316,
        78,
        78,
        238,
        1048,
        1048,
        1048,
        null,
        null,
        null,
        1,
        26,
        null,
        1,
        1235,
        null,
        1,
        5,
        null,
        null,
        1,
        null,
        5,
        5,
        5,
        5,
        5,
        null,
        8,
        8,
        8,
        8,
        0,
        0,
        0,
        0,
        0,
        0,
        null,
        null,
        null,
        null,
        5,
        5,
        null,
        0,
        0,
        null,
        3,
        3,
        null,
        1,
        1,
        null,
        1,
        1,
        null,
        null,
        1,
        12,
        null,
        1,
        83,
        null,
        1,
        1186,
        null,
        1,
        83,
        null,
        1,
        1180,
        null,
        1,
        15,
        15,
        22,
        14,
        14,
        null,
        null,
        15,
        null,
        1,
        8,
        8,
        12,
        8,
        8,
        null,
        null,
        8,
        null,
        1,
        16,
        16,
        18,
        16,
        16,
        null,
        null,
        16,
        null,
        1,
        6,
        6,
        43,
        31,
        31,
        31,
        null,
        6,
        6,
        1,
        null,
        5,
        5,
        null,
        1,
        1,
        1,
        null,
        null,
        null,
        null,
        null,
        null,
        null,
        null,
        null,
        null,
        null,
        null,
        null,
        null,
        null,
        null,
        null,
        null,
        null,
        null,
        null,
        null,
        null,
        null,
        null,
        null,
        null,
        null,
        null,
        null,
        null,
        1,
        9,
        10,
        4,
        3,
        1,
        null,
        null,
        null,
        null,
        null,
        null,
        3,
        null,
        null,
        4,
        3,
        null,
        null,
        null,
        null,
        null,
        null,
        null,
        null,
        null,
        null,
        null,
        null,
        null,
        null,
        null,
        null,
        null,
        null,
        null,
        null,
        null,
        null,
        null,
        null,
        null,
        null,
        null,
        null,
        null,
        null,
        1,
        1,
        1,
        1,
        1,
        2,
        2,
        null,
        null,
        1,
        2,
        2,
        2,
        0,
        null,
        2,
        0,
        null,
        2,
        2,
        null,
        null,
        null,
        1,
        2,
        2,
        null,
        null,
        null,
        null,
        null,
        null
      ],
      "/home/bialaporcelana/Pulpit/szkola/ruby/projekt-ruby/lib/WolfClass.rb": [
        1,
        1,
        1,
        22,
        null,
        1,
        11,
        3,
        null,
        2,
        2,
        2,
        2,
        null,
        2,
        null,
        3,
        1,
        1,
        1,
        1,
        1,
        1,
        null,
        null,
        null,
        1,
        null,
        1,
        1,
        null,
        null,
        null
      ],
      "/home/bialaporcelana/Pulpit/szkola/ruby/projekt-ruby/lib/AnimalClass.rb": [
        1,
        1,
        1,
        1,
        72,
        66,
        66,
        null,
        1,
        12,
        null,
        1,
        24,
        null,
        1,
        3,
        3,
        3,
        null,
        null,
        1,
        0,
        null,
        1,
        null,
        21,
        21,
        8,
        null,
        2,
        null,
        null,
        8,
        8,
        8,
        8,
        8,
        8,
        7,
        2,
        null,
        2,
        2,
        2,
        null,
        15,
        null,
        1,
        2,
        2,
        2,
        2,
        null,
        2,
        null,
        null
      ],
      "/home/bialaporcelana/Pulpit/szkola/ruby/projekt-ruby/lib/Object.rb": [
        1,
        1,
        1,
        1,
        1567,
        6,
        null,
        1561,
        1561,
        1561,
        1561,
        null,
        1,
        1264,
        null,
        1,
        12,
        null,
        1,
        1259,
        null,
        1,
        12,
        null,
        1,
        1178,
        null,
        1,
        1,
        null,
        1,
        1156,
        null,
        1,
        136,
        null,
        1,
        2,
        0,
        null,
        2,
        2,
        2,
        null,
        0,
        0,
        null,
        null,
        1,
        1,
        null,
        null,
        0,
        0,
        null,
        null,
        1,
        1,
        null,
        null,
        null,
        null,
        null
      ],
      "/home/bialaporcelana/Pulpit/szkola/ruby/projekt-ruby/lib/Point.rb": [
        1,
        1,
        1,
        65,
        1,
        null,
        64,
        64,
        null,
        1,
        134,
        null,
        1,
        3,
        null,
        1,
        128,
        null,
        1,
        3,
        null,
        null
      ],
      "/home/bialaporcelana/Pulpit/szkola/ruby/projekt-ruby/lib/SheepClass.rb": [
        1,
        1,
        1,
        1,
        50,
        47,
        null,
        1,
        7,
        null,
        1,
        12,
        null,
        1,
        10,
        2,
        1,
        1,
        1,
        1,
        1,
        1,
        null,
        null,
        null,
        1,
        6,
        6,
        6,
        3,
        3,
        3,
        3,
        0,
        0,
        0,
        null,
        0,
        0,
        0,
        null,
        0,
        0,
        0,
        null,
        6,
        3,
        3,
        3,
        null,
        3,
        0,
        0,
        0,
        0,
        0,
        null,
        null,
        null,
        3,
        3,
        1,
        null,
        null,
        null,
        null,
        null,
        1,
        3,
        3,
        0,
        3,
        0,
        null,
        0,
        null,
        1,
        2,
        0,
        2,
        0,
        null,
        0,
        null,
        0,
        null,
        3,
        null,
        1,
        3,
        3,
        null,
        1,
        null,
        1,
        1,
        null,
        null,
        null
      ],
      "/home/bialaporcelana/Pulpit/szkola/ruby/projekt-ruby/lib/GrassClass.rb": [
        1,
        1,
        1,
        1,
        30,
        30,
        30,
        30,
        30,
        null,
        null,
        1,
        5,
        5,
        3,
        null,
        null,
        1,
        2,
        null,
        1,
        1,
        1,
        null,
        1,
        0,
        0,
        0,
        0,
        0,
        0,
        0,
        null,
        null,
        0,
        null,
        1,
        6,
        3,
        3,
        null,
        null,
        null
      ],
      "/home/bialaporcelana/Pulpit/szkola/ruby/projekt-ruby/lib/LakeClass.rb": [
        1,
        1,
        1,
        9,
        null,
        null
      ]
    },
    "timestamp": 1546854685
  }
}
